INFO:root:Session Start: 17/10/2023 15:26:27
ERROR:root:2005 (HY000): Unknown MySQL server host ''127.0.0.1'' (11001)
INFO:root:Query Start: 17/10/2023 15:26:27
INFO:root:Query_File: query1.sql
INFO:root:Session Start: 17/10/2023 15:26:49
INFO:root:DB Connection is OK
INFO:root:Query Start: 17/10/2023 15:26:49
INFO:root:Query_File: query1.sql
INFO:root:-- Current Run: 5
INFO:root:-- Current Run: 4
INFO:root:-- Current Run: 3
INFO:root:-- Current Run: 2
INFO:root:-- Current Run: 1
INFO:root:Bye... 17/10/2023 15:27:08
INFO:root:Session Start: 17/10/2023 15:28:04
INFO:root:DB Connection is OK
INFO:root:Query Start: 17/10/2023 15:28:04
INFO:root:Query_File: query1.sql
INFO:root:-- Current Run: 5
INFO:root:-- Current Run: 4
INFO:root:-- Current Run: 3
INFO:root:-- Current Run: 2
INFO:root:-- Current Run: 1
INFO:root:Bye... 17/10/2023 15:28:25
