#### Exec DateTime: 17/10/2023 13:38:29 ####
Query_File: query1.sql
Host_Info: ('PSAN-OMX', '10.6.7-MariaDB')
Test_Runs: 5
Avg_Rows: 898480 | Max_Rows: 898480 | Min_Rows: 898480 
Avg Exec Time: 2.736853 | Max Exec Time: 3.227135 | Min Exec Time: 2.445045 

Execution Plan:
    select_type    table    type    possible_keys     key                 ken_len  ref              rows  Extra
--  -------------  -------  ------  ----------------  ----------------  ---------  -------------  ------  --------------------------------------------
 1  SIMPLE         o        ALL     ix_order_id                                                   238917  Using where; Using temporary; Using filesort
 1  SIMPLE         c        ref     ix_customer_id    ix_customer_id            4  tpcc.o.o_c_id      38
 1  SIMPLE         ol       ref     ix_orderline_oid  ix_orderline_oid          4  tpcc.o.o_id       388
 
########################################################################################
Exec DateTime: 17/10/2023 13:41:39nQuery_File: query1.sql
Host_Info: ('PSAN-OMX', '10.6.7-MariaDB')
Test_Runs: 5
Avg_Rows: 898480 | Max_Rows: 898480 | Min_Rows: 898480 
Avg Exec Time: 3.393242 | Max Exec Time: 4.812428 | Min Exec Time: 2.687116 

Execution Plan:
    select_type    table    type    possible_keys     key                 ken_len  ref              rows  Extra
--  -------------  -------  ------  ----------------  ----------------  ---------  -------------  ------  --------------------------------------------
 1  SIMPLE         o        ALL     ix_order_id                                                   238917  Using where; Using temporary; Using filesort
 1  SIMPLE         c        ref     ix_customer_id    ix_customer_id            4  tpcc.o.o_c_id      38
 1  SIMPLE         ol       ref     ix_orderline_oid  ix_orderline_oid          4  tpcc.o.o_id       388
 
#############################################################################################################################
Exec DateTime: 17/10/2023 13:43:58
Query_File: query1.sql
Host_Info: ('PSAN-OMX', '10.6.7-MariaDB')
Test_Runs: 5
Avg_Rows: 898480 | Max_Rows: 898480 | Min_Rows: 898480 
Avg Exec Time: 2.976072 | Max Exec Time: 3.343717 | Min Exec Time: 2.684110 

Execution Plan:
    select_type    table    type    possible_keys     key                 ken_len  ref              rows  Extra
--  -------------  -------  ------  ----------------  ----------------  ---------  -------------  ------  --------------------------------------------
 1  SIMPLE         o        ALL     ix_order_id                                                   238917  Using where; Using temporary; Using filesort
 1  SIMPLE         c        ref     ix_customer_id    ix_customer_id            4  tpcc.o.o_c_id      38
 1  SIMPLE         ol       ref     ix_orderline_oid  ix_orderline_oid          4  tpcc.o.o_id       388
 
#############################################################################################################################
Exec DateTime: 17/10/2023 13:57:22
Query_File: query1.sql
Host_Info: ('PSAN-OMX', '10.6.7-MariaDB')
Test_Runs: 5
Avg_Rows: 898480 | Max_Rows: 898480 | Min_Rows: 898480 
Avg Exec Time: 2.460603 | Max Exec Time: 2.535129 | Min Exec Time: 2.415472 

Execution Plan:
    select_type    table    type    possible_keys     key                 ken_len  ref              rows  Extra
--  -------------  -------  ------  ----------------  ----------------  ---------  -------------  ------  --------------------------------------------
 1  SIMPLE         o        ALL     ix_order_id                                                   238917  Using where; Using temporary; Using filesort
 1  SIMPLE         c        ref     ix_customer_id    ix_customer_id            4  tpcc.o.o_c_id      38
 1  SIMPLE         ol       ref     ix_orderline_oid  ix_orderline_oid          4  tpcc.o.o_id       388
 
#############################################################################################################################
Exec DateTime: 17/10/2023 13:59:12
Query_File: query1.sql
Host_Info: ('PSAN-OMX', '10.6.7-MariaDB')
Test_Runs: 5
Avg_Rows: 898480 | Max_Rows: 898480 | Min_Rows: 898480 
Avg Exec Time: 2.595442 | Max Exec Time: 2.839600 | Min Exec Time: 2.475213 

Execution Plan:
    select_type    table    type    possible_keys     key                 ken_len  ref              rows  Extra
--  -------------  -------  ------  ----------------  ----------------  ---------  -------------  ------  --------------------------------------------
 1  SIMPLE         o        ALL     ix_order_id                                                   238917  Using where; Using temporary; Using filesort
 1  SIMPLE         c        ref     ix_customer_id    ix_customer_id            4  tpcc.o.o_c_id      38
 1  SIMPLE         ol       ref     ix_orderline_oid  ix_orderline_oid          4  tpcc.o.o_id       388
 
#############################################################################################################################
Exec DateTime: 17/10/2023 14:00:14
Query_File: query1.sql
Host_Info: ('PSAN-OMX', '10.6.7-MariaDB')
Test_Runs: 5
Avg_Rows: 898480 | Max_Rows: 898480 | Min_Rows: 898480 
Avg Exec Time: 2.439988 | Max Exec Time: 2.529878 | Min Exec Time: 2.405738 

Execution Plan:
    select_type    table    type    possible_keys     key                 ken_len  ref              rows  Extra
--  -------------  -------  ------  ----------------  ----------------  ---------  -------------  ------  --------------------------------------------
 1  SIMPLE         o        ALL     ix_order_id                                                   238917  Using where; Using temporary; Using filesort
 1  SIMPLE         c        ref     ix_customer_id    ix_customer_id            4  tpcc.o.o_c_id      38
 1  SIMPLE         ol       ref     ix_orderline_oid  ix_orderline_oid          4  tpcc.o.o_id       388
 
#############################################################################################################################
Exec DateTime: 17/10/2023 14:03:48
Query_File: query1.sql
Host_Info: ('PSAN-OMX', '10.6.7-MariaDB')
Test_Runs: 5
Avg_Rows: 898480 | Max_Rows: 898480 | Min_Rows: 898480 
Avg Exec Time: 2.437989 | Max Exec Time: 2.489817 | Min Exec Time: 2.404106 

Execution Plan:
    select_type    table    type    possible_keys     key                 ken_len  ref              rows  Extra
--  -------------  -------  ------  ----------------  ----------------  ---------  -------------  ------  --------------------------------------------
 1  SIMPLE         o        ALL     ix_order_id                                                   238917  Using where; Using temporary; Using filesort
 1  SIMPLE         c        ref     ix_customer_id    ix_customer_id            4  tpcc.o.o_c_id      38
 1  SIMPLE         ol       ref     ix_orderline_oid  ix_orderline_oid          4  tpcc.o.o_id       388
 
#############################################################################################################################
Query Start: 17/10/2023 14:05:01
Query_File: query1.sql
Host_Info: ('PSAN-OMX', '10.6.7-MariaDB')
Test_Runs: 5
Avg_Rows: 898480 | Max_Rows: 898480 | Min_Rows: 898480 
Avg Exec Time: 2.501807 | Max Exec Time: 2.701758 | Min Exec Time: 2.391493 

Execution Plan:
    select_type    table    type    possible_keys     key                 ken_len  ref              rows  Extra
--  -------------  -------  ------  ----------------  ----------------  ---------  -------------  ------  --------------------------------------------
 1  SIMPLE         o        ALL     ix_order_id                                                   238917  Using where; Using temporary; Using filesort
 1  SIMPLE         c        ref     ix_customer_id    ix_customer_id            4  tpcc.o.o_c_id      38
 1  SIMPLE         ol       ref     ix_orderline_oid  ix_orderline_oid          4  tpcc.o.o_id       388
 
#############################################################################################################################
Query Start: 17/10/2023 14:41:37
Query_File: query1.sql
Host_Info: ('PSAN-OMX', '10.6.7-MariaDB')
Test_Runs: 5
Avg_Rows: 898480 | Max_Rows: 898480 | Min_Rows: 898480 
Avg Exec Time: 2.422096 | Max Exec Time: 2.434562 | Min Exec Time: 2.405959 

Execution Plan:
    select_type    table    type    possible_keys     key                 ken_len  ref              rows  Extra
--  -------------  -------  ------  ----------------  ----------------  ---------  -------------  ------  --------------------------------------------
 1  SIMPLE         o        ALL     ix_order_id                                                   238917  Using where; Using temporary; Using filesort
 1  SIMPLE         c        ref     ix_customer_id    ix_customer_id            4  tpcc.o.o_c_id      38
 1  SIMPLE         ol       ref     ix_orderline_oid  ix_orderline_oid          4  tpcc.o.o_id       388
 
#############################################################################################################################
Query Start: 17/10/2023 14:42:32
Query_File: query1.sql
Host_Info: ('PSAN-OMX', '10.6.7-MariaDB')
Test_Runs: 5
Avg_Rows: 898480 | Max_Rows: 898480 | Min_Rows: 898480 
Avg Exec Time: 2.585345 | Max Exec Time: 2.714049 | Min Exec Time: 2.450381 

Execution Plan:
    select_type    table    type    possible_keys     key                 ken_len  ref              rows  Extra
--  -------------  -------  ------  ----------------  ----------------  ---------  -------------  ------  --------------------------------------------
 1  SIMPLE         o        ALL     ix_order_id                                                   238917  Using where; Using temporary; Using filesort
 1  SIMPLE         c        ref     ix_customer_id    ix_customer_id            4  tpcc.o.o_c_id      38
 1  SIMPLE         ol       ref     ix_orderline_oid  ix_orderline_oid          4  tpcc.o.o_id       388
 
