#############################################################################################################################
Query Start: 17/10/2023 15:17:15
Query_File: query1.sql
#############################################################################################################################
Query Start: 17/10/2023 15:17:36
Query_File: query1.sql
#############################################################################################################################
Query Start: 17/10/2023 15:18:51
Query_File: query1.sql
Host_Info: ('PSAN-OMX', '10.6.7-MariaDB')
Test_Runs: 5
#############################################################################################################################
Query Start: 17/10/2023 15:19:39
Query_File: query1.sql
Host_Info: ('PSAN-OMX', '10.6.7-MariaDB')
Test_Runs: 5
Avg_Rows: 898480 | Max_Rows: 898480 | Min_Rows: 898480 
Avg Exec Time: 2.516811 | Max Exec Time: 2.554716 | Min Exec Time: 2.478859 

Execution Plan:
    select_type    table    type    possible_keys     key                 ken_len  ref              rows  Extra
--  -------------  -------  ------  ----------------  ----------------  ---------  -------------  ------  --------------------------------------------
 1  SIMPLE         o        ALL     ix_order_id                                                   238917  Using where; Using temporary; Using filesort
 1  SIMPLE         c        ref     ix_customer_id    ix_customer_id            4  tpcc.o.o_c_id      38
 1  SIMPLE         ol       ref     ix_orderline_oid  ix_orderline_oid          4  tpcc.o.o_id       388
 
#############################################################################################################################
Query Start: 17/10/2023 15:26:06
Query_File: query1.sql
#############################################################################################################################
Query Start: 17/10/2023 15:26:27
Query_File: query1.sql
#############################################################################################################################
Query Start: 17/10/2023 15:26:49
Query_File: query1.sql
Host_Info: ('PSAN-OMX', '10.6.7-MariaDB')
Test_Runs: 5
Avg_Rows: 898480 | Max_Rows: 898480 | Min_Rows: 898480 
Avg Exec Time: 2.435705 | Max Exec Time: 2.472683 | Min Exec Time: 2.389759 

Execution Plan:
    select_type    table    type    possible_keys     key                 ken_len  ref              rows  Extra
--  -------------  -------  ------  ----------------  ----------------  ---------  -------------  ------  --------------------------------------------
 1  SIMPLE         o        ALL     ix_order_id                                                   238917  Using where; Using temporary; Using filesort
 1  SIMPLE         c        ref     ix_customer_id    ix_customer_id            4  tpcc.o.o_c_id      38
 1  SIMPLE         ol       ref     ix_orderline_oid  ix_orderline_oid          4  tpcc.o.o_id       388
 
#############################################################################################################################
Query Start: 17/10/2023 15:28:04
Query_File: query1.sql
Host_Info: ('PSAN-OMX', '10.6.7-MariaDB')
Test_Runs: 5
Avg_Rows: 898480 | Max_Rows: 898480 | Min_Rows: 898480 
Avg Exec Time: 2.653750 | Max Exec Time: 3.080784 | Min Exec Time: 2.494487 

Execution Plan:
    select_type    table    type    possible_keys     key                 ken_len  ref              rows  Extra
--  -------------  -------  ------  ----------------  ----------------  ---------  -------------  ------  --------------------------------------------
 1  SIMPLE         o        ALL     ix_order_id                                                   238917  Using where; Using temporary; Using filesort
 1  SIMPLE         c        ref     ix_customer_id    ix_customer_id            4  tpcc.o.o_c_id      38
 1  SIMPLE         ol       ref     ix_orderline_oid  ix_orderline_oid          4  tpcc.o.o_id       388
 
